[2021-04-11 14:26:06.072] ** STARTING RUN QuantaSoft Version 1.7.4.0917 **
[2021-04-11 14:26:09.394] ** STARTING PRE-MAIN ROUTINE **
[2021-04-11 14:26:44.485] ** STARTING A01 MAIN ROUTINE **
[2021-04-11 14:28:08.490] ** STARTING B01 MAIN ROUTINE **
[2021-04-11 14:29:31.755] ** STARTING C01 MAIN ROUTINE **
[2021-04-11 14:30:56.116] ** STARTING D01 MAIN ROUTINE **
[2021-04-11 14:32:19.730] ** STARTING E01 MAIN ROUTINE **
[2021-04-11 14:33:43.506] ** STARTING F01 MAIN ROUTINE **
[2021-04-11 14:35:08.269] ** STARTING G01 MAIN ROUTINE **
[2021-04-11 14:36:37.128] ** STARTING H01 MAIN ROUTINE **
[2021-04-11 14:38:01.564] ** STARTING A02 MAIN ROUTINE **
[2021-04-11 14:39:24.112] ** STARTING B02 MAIN ROUTINE **
[2021-04-11 14:40:46.716] ** STARTING C02 MAIN ROUTINE **
[2021-04-11 14:42:10.852] ** STARTING D02 MAIN ROUTINE **
[2021-04-11 14:43:34.542] ** STARTING E02 MAIN ROUTINE **
[2021-04-11 14:44:58.152] ** STARTING F02 MAIN ROUTINE **
[2021-04-11 14:46:22.398] ** STARTING G02 MAIN ROUTINE **
[2021-04-11 14:47:46.527] ** STARTING H02 MAIN ROUTINE **
[2021-04-11 14:49:11.233] ** STARTING A03 MAIN ROUTINE **
[2021-04-11 14:50:33.871] ** STARTING B03 MAIN ROUTINE **
[2021-04-11 14:51:56.574] ** STARTING C03 MAIN ROUTINE **
[2021-04-11 14:53:20.778] ** STARTING D03 MAIN ROUTINE **
[2021-04-11 14:54:44.910] ** STARTING E03 MAIN ROUTINE **
[2021-04-11 14:56:08.992] ** STARTING F03 MAIN ROUTINE **
[2021-04-11 14:57:33.448] ** STARTING G03 MAIN ROUTINE **
[2021-04-11 14:58:57.595] ** STARTING H03 MAIN ROUTINE **
[2021-04-11 15:00:24.046] ** STARTING POST-MAIN ROUTINE **
[2021-04-11 15:01:56.970] ** ENDING RUN **
